<?xml version="1.0" encoding="UTF-8"?>
<!-- Generated by org.testng.reporters.JUnitReportReporter -->
<testsuite hostname="DESKTOP-NAZALAM" failures="0" tests="1" name="testJava.TestClass" time="0.020" errors="0" timestamp="2025-02-06T16:55:37 IST" skipped="0">
  <testcase classname="testJava.TestClass" name="a" time="0.020"/>
  <system-out/>
</testsuite> <!-- testJava.TestClass -->
